2025-02-10 14:59:22 info: Start hashing password for Binh@gmail.com
2025-02-10 14:59:22 info: User Binh@gmail.com has been created
2025-02-10 16:37:57 info: Start hashing password for Lan@gmail.com
2025-02-10 16:37:58 info: User Lan@gmail.com has been created
2025-02-10 16:43:43 info: Start hashing password for namTran@gmail.com
2025-02-10 16:43:43 info: User namTran@gmail.com has been created
2025-02-10 16:44:58 info: Start hashing password for BinhTran@gmail.com
2025-02-10 16:44:58 info: User BinhTran@gmail.com has been created
2025-02-10 16:59:19 info: Start hashing password for anTran@gmail.com
2025-02-10 16:59:19 info: User anTran@gmail.com has been created
2025-02-10 17:26:40 info: Start hashing password for haNguyen@gmail.com
2025-02-10 17:26:40 info: User haNguyen@gmail.com has been created
2025-02-10 17:35:19 info: Start hashing password for binhNguyen@gmail.com
2025-02-10 17:35:19 info: User binhNguyen@gmail.com has been created
2025-02-10 20:12:07 info: Start hashing password for TrungNguyen@gmail.com
2025-02-10 20:12:08 info: User TrungNguyen@gmail.com has been created
2025-02-10 21:21:31 info: Start hashing password for HaNguyen@gmail.com
2025-02-10 21:21:31 info: User HaNguyen@gmail.com has been created
2025-02-10 21:25:36 info: Start hashing password for Tranvi@gmail.com
2025-02-10 21:25:37 info: User Tranvi@gmail.com has been created
2025-02-10 21:30:04 info: Start hashing password for dinhha@gmail.com
2025-02-10 21:30:05 error: Error register
2025-02-10 21:32:03 info: Start hashing password for dinhha@gmail.com
2025-02-10 21:32:03 error: Error register
2025-02-10 21:37:02 info: Start hashing password for dinhha@gmail.com
2025-02-10 21:37:02 error: Error register
2025-02-10 21:38:33 info: Start hashing password for dinhha1@gmail.com
2025-02-10 21:38:33 error: Error register
2025-02-10 21:54:11 info: Start hashing password for dinhha@gmail.com
2025-02-10 21:54:12 info: User dinhha@gmail.com has been created with username Đình9047
2025-02-12 17:05:38 error: Error login
2025-02-12 17:07:33 info: Start hashing password for Hanguyen@gmail.com
2025-02-12 17:07:33 info: User Hanguyen@gmail.com has been created with username Hạ
2025-02-12 17:08:12 error: Error login
2025-02-12 17:08:55 error: Error login
2025-02-12 17:11:01 error: Error login
2025-02-12 17:13:23 error: Error login
2025-02-12 17:16:24 error: Error login
2025-02-12 17:18:31 error: Error login
2025-02-12 17:19:52 error: Error login
2025-02-12 17:21:41 error: Error login
2025-02-12 17:23:05 error: Error login
2025-02-12 17:24:35 error: Error login
2025-02-12 17:25:44 error: Error login
2025-02-12 17:26:04 error: Error login
2025-02-12 17:28:30 error: Error login
2025-02-12 17:29:19 error: Error login
2025-02-12 17:35:25 error: Error login
2025-02-12 17:56:52 info: Start hashing password for MinhDao@gmail.com
2025-02-12 17:56:52 info: User MinhDao@gmail.com has been created with username Minh2509
2025-02-14 10:45:49 info: ACCESS_TOKEN_SECRET:
2025-02-14 10:45:49 info: Access token created:
2025-02-14 10:45:49 info: Token set in cookie
2025-02-14 10:45:49 info: Login successful, response sent
2025-02-14 10:49:15 info: Login successful for user: MinhDao@gmail.com, username: Minh2509
2025-02-14 22:21:43 info: Start hashing password for trungk12@imail.edu.vn
2025-02-14 22:21:43 info: User trungk12@imail.edu.vn has been created with username Trung5601
2025-02-16 11:17:23 info: Login successful for user: MinhDao@gmail.com, username: Minh2509
2025-02-16 11:26:08 info: Login successful for user: trungk12@imail.edu.vn, username: Trung5601
2025-02-16 22:13:57 warn: Password is incorrect
2025-02-16 22:14:00 warn: Password is incorrect
2025-02-16 22:14:02 warn: Password is incorrect
2025-02-16 22:14:03 warn: Password is incorrect
2025-02-16 22:15:08 info: Login successful for user: MinhDao@gmail.com, username: Minh2509
2025-02-16 22:15:41 info: Login successful for user: MinhDao@gmail.com, username: Minh2509
2025-02-16 22:18:09 info: Login successful for user: MinhDao@gmail.com, username: Minh2509
2025-02-17 08:11:57 info: Login successful for user: MinhDao@gmail.com, username: Minh2509
2025-02-17 08:56:53 warn: Password is incorrect
2025-02-17 08:56:55 warn: Password is incorrect
2025-02-17 08:56:56 warn: Password is incorrect
2025-02-17 08:56:56 warn: Password is incorrect
2025-02-17 08:56:56 warn: Password is incorrect
2025-02-17 08:57:03 warn: User not found
2025-02-17 08:57:06 info: Login successful for user: MinhDao@gmail.com, username: Minh2509
2025-02-17 09:52:24 info: Login successful for user: trungk12@imail.edu.vn, username: Trung5601
2025-02-17 22:28:19 info: Login successful for user: MinhDao@gmail.com, username: Minh2509
2025-02-18 14:30:51 warn: Invalid data input
2025-02-18 14:30:53 warn: Invalid data input
2025-02-18 14:31:43 warn: Invalid data input
2025-02-18 14:40:13 info: Login successful for user: trungk12@imail.edu.vn, username: Trung5601
2025-02-18 15:00:26 info: Login successful for user: trungk12@imail.edu.vn, username: Trung5601
